Determining if the Q_WS_WIN exist failed with the following output:
Change Dir: /home/adlink/Desktop/Samples/Neon-20xB/C++/Capture_and_Inference/build/CMakeFiles/CMakeTmp

Run Build Command:"/usr/bin/make" "cmTC_fb3ee/fast"
/usr/bin/make -f CMakeFiles/cmTC_fb3ee.dir/build.make CMakeFiles/cmTC_fb3ee.dir/build
make[1]: Entering directory '/home/adlink/Desktop/Samples/Neon-20xB/C++/Capture_and_Inference/build/CMakeFiles/CMakeTmp'
Building CXX object CMakeFiles/cmTC_fb3ee.dir/CheckSymbolExists.cxx.o
/usr/bin/c++   -I/usr/include/qt4  -std=c++11 -Wno-write-strings    -o CMakeFiles/cmTC_fb3ee.dir/CheckSymbolExists.cxx.o -c /home/adlink/Desktop/Samples/Neon-20xB/C++/Capture_and_Inference/build/CMakeFiles/CMakeTmp/CheckSymbolExists.cxx
/home/adlink/Desktop/Samples/Neon-20xB/C++/Capture_and_Inference/build/CMakeFiles/CMakeTmp/CheckSymbolExists.cxx: In function ‘int main(int, char**)’:
/home/adlink/Desktop/Samples/Neon-20xB/C++/Capture_and_Inference/build/CMakeFiles/CMakeTmp/CheckSymbolExists.cxx:8:19: error: ‘Q_WS_WIN’ was not declared in this scope
   return ((int*)(&Q_WS_WIN))[argc];
                   ^~~~~~~~
/home/adlink/Desktop/Samples/Neon-20xB/C++/Capture_and_Inference/build/CMakeFiles/CMakeTmp/CheckSymbolExists.cxx:8:19: note: suggested alternative: ‘Q_WS_X11’
   return ((int*)(&Q_WS_WIN))[argc];
                   ^~~~~~~~
                   Q_WS_X11
CMakeFiles/cmTC_fb3ee.dir/build.make:65: recipe for target 'CMakeFiles/cmTC_fb3ee.dir/CheckSymbolExists.cxx.o' failed
make[1]: *** [CMakeFiles/cmTC_fb3ee.dir/CheckSymbolExists.cxx.o] Error 1
make[1]: Leaving directory '/home/adlink/Desktop/Samples/Neon-20xB/C++/Capture_and_Inference/build/CMakeFiles/CMakeTmp'
Makefile:126: recipe for target 'cmTC_fb3ee/fast' failed
make: *** [cmTC_fb3ee/fast] Error 2

File /home/adlink/Desktop/Samples/Neon-20xB/C++/Capture_and_Inference/build/CMakeFiles/CMakeTmp/CheckSymbolExists.cxx:
/* */
#include <QtCore/qglobal.h>

int main(int argc, char** argv)
{
  (void)argv;
#ifndef Q_WS_WIN
  return ((int*)(&Q_WS_WIN))[argc];
#else
  (void)argc;
  return 0;
#endif
}

Determining if the Q_WS_QWS exist failed with the following output:
Change Dir: /home/adlink/Desktop/Samples/Neon-20xB/C++/Capture_and_Inference/build/CMakeFiles/CMakeTmp

Run Build Command:"/usr/bin/make" "cmTC_62fba/fast"
/usr/bin/make -f CMakeFiles/cmTC_62fba.dir/build.make CMakeFiles/cmTC_62fba.dir/build
make[1]: Entering directory '/home/adlink/Desktop/Samples/Neon-20xB/C++/Capture_and_Inference/build/CMakeFiles/CMakeTmp'
Building CXX object CMakeFiles/cmTC_62fba.dir/CheckSymbolExists.cxx.o
/usr/bin/c++   -I/usr/include/qt4  -std=c++11 -Wno-write-strings    -o CMakeFiles/cmTC_62fba.dir/CheckSymbolExists.cxx.o -c /home/adlink/Desktop/Samples/Neon-20xB/C++/Capture_and_Inference/build/CMakeFiles/CMakeTmp/CheckSymbolExists.cxx
/home/adlink/Desktop/Samples/Neon-20xB/C++/Capture_and_Inference/build/CMakeFiles/CMakeTmp/CheckSymbolExists.cxx: In function ‘int main(int, char**)’:
/home/adlink/Desktop/Samples/Neon-20xB/C++/Capture_and_Inference/build/CMakeFiles/CMakeTmp/CheckSymbolExists.cxx:8:19: error: ‘Q_WS_QWS’ was not declared in this scope
   return ((int*)(&Q_WS_QWS))[argc];
                   ^~~~~~~~
/home/adlink/Desktop/Samples/Neon-20xB/C++/Capture_and_Inference/build/CMakeFiles/CMakeTmp/CheckSymbolExists.cxx:8:19: note: suggested alternative: ‘Q_WS_X11’
   return ((int*)(&Q_WS_QWS))[argc];
                   ^~~~~~~~
                   Q_WS_X11
CMakeFiles/cmTC_62fba.dir/build.make:65: recipe for target 'CMakeFiles/cmTC_62fba.dir/CheckSymbolExists.cxx.o' failed
make[1]: *** [CMakeFiles/cmTC_62fba.dir/CheckSymbolExists.cxx.o] Error 1
make[1]: Leaving directory '/home/adlink/Desktop/Samples/Neon-20xB/C++/Capture_and_Inference/build/CMakeFiles/CMakeTmp'
Makefile:126: recipe for target 'cmTC_62fba/fast' failed
make: *** [cmTC_62fba/fast] Error 2

File /home/adlink/Desktop/Samples/Neon-20xB/C++/Capture_and_Inference/build/CMakeFiles/CMakeTmp/CheckSymbolExists.cxx:
/* */
#include <QtCore/qglobal.h>

int main(int argc, char** argv)
{
  (void)argv;
#ifndef Q_WS_QWS
  return ((int*)(&Q_WS_QWS))[argc];
#else
  (void)argc;
  return 0;
#endif
}

Determining if the Q_WS_MAC exist failed with the following output:
Change Dir: /home/adlink/Desktop/Samples/Neon-20xB/C++/Capture_and_Inference/build/CMakeFiles/CMakeTmp

Run Build Command:"/usr/bin/make" "cmTC_f6890/fast"
/usr/bin/make -f CMakeFiles/cmTC_f6890.dir/build.make CMakeFiles/cmTC_f6890.dir/build
make[1]: Entering directory '/home/adlink/Desktop/Samples/Neon-20xB/C++/Capture_and_Inference/build/CMakeFiles/CMakeTmp'
Building CXX object CMakeFiles/cmTC_f6890.dir/CheckSymbolExists.cxx.o
/usr/bin/c++   -I/usr/include/qt4  -std=c++11 -Wno-write-strings    -o CMakeFiles/cmTC_f6890.dir/CheckSymbolExists.cxx.o -c /home/adlink/Desktop/Samples/Neon-20xB/C++/Capture_and_Inference/build/CMakeFiles/CMakeTmp/CheckSymbolExists.cxx
/home/adlink/Desktop/Samples/Neon-20xB/C++/Capture_and_Inference/build/CMakeFiles/CMakeTmp/CheckSymbolExists.cxx: In function ‘int main(int, char**)’:
/home/adlink/Desktop/Samples/Neon-20xB/C++/Capture_and_Inference/build/CMakeFiles/CMakeTmp/CheckSymbolExists.cxx:8:19: error: ‘Q_WS_MAC’ was not declared in this scope
   return ((int*)(&Q_WS_MAC))[argc];
                   ^~~~~~~~
/home/adlink/Desktop/Samples/Neon-20xB/C++/Capture_and_Inference/build/CMakeFiles/CMakeTmp/CheckSymbolExists.cxx:8:19: note: suggested alternative: ‘Q_WS_X11’
   return ((int*)(&Q_WS_MAC))[argc];
                   ^~~~~~~~
                   Q_WS_X11
CMakeFiles/cmTC_f6890.dir/build.make:65: recipe for target 'CMakeFiles/cmTC_f6890.dir/CheckSymbolExists.cxx.o' failed
make[1]: *** [CMakeFiles/cmTC_f6890.dir/CheckSymbolExists.cxx.o] Error 1
make[1]: Leaving directory '/home/adlink/Desktop/Samples/Neon-20xB/C++/Capture_and_Inference/build/CMakeFiles/CMakeTmp'
Makefile:126: recipe for target 'cmTC_f6890/fast' failed
make: *** [cmTC_f6890/fast] Error 2

File /home/adlink/Desktop/Samples/Neon-20xB/C++/Capture_and_Inference/build/CMakeFiles/CMakeTmp/CheckSymbolExists.cxx:
/* */
#include <QtCore/qglobal.h>

int main(int argc, char** argv)
{
  (void)argv;
#ifndef Q_WS_MAC
  return ((int*)(&Q_WS_MAC))[argc];
#else
  (void)argc;
  return 0;
#endif
}

Determining if the pthread_create exist failed with the following output:
Change Dir: /home/adlink/Desktop/Samples/Neon-20xB/C++/Capture_and_Inference/build/CMakeFiles/CMakeTmp

Run Build Command:"/usr/bin/make" "cmTC_05cf0/fast"
/usr/bin/make -f CMakeFiles/cmTC_05cf0.dir/build.make CMakeFiles/cmTC_05cf0.dir/build
make[1]: Entering directory '/home/adlink/Desktop/Samples/Neon-20xB/C++/Capture_and_Inference/build/CMakeFiles/CMakeTmp'
Building C object CMakeFiles/cmTC_05cf0.dir/CheckSymbolExists.c.o
/usr/bin/cc   -fPIC    -o CMakeFiles/cmTC_05cf0.dir/CheckSymbolExists.c.o   -c /home/adlink/Desktop/Samples/Neon-20xB/C++/Capture_and_Inference/build/CMakeFiles/CMakeTmp/CheckSymbolExists.c
Linking C executable cmTC_05cf0
/usr/bin/cmake -E cmake_link_script CMakeFiles/cmTC_05cf0.dir/link.txt --verbose=1
/usr/bin/cc -fPIC     -rdynamic CMakeFiles/cmTC_05cf0.dir/CheckSymbolExists.c.o  -o cmTC_05cf0 
CMakeFiles/cmTC_05cf0.dir/CheckSymbolExists.c.o: In function `main':
CheckSymbolExists.c:(.text+0x14): undefined reference to `pthread_create'
CheckSymbolExists.c:(.text+0x18): undefined reference to `pthread_create'
collect2: error: ld returned 1 exit status
CMakeFiles/cmTC_05cf0.dir/build.make:97: recipe for target 'cmTC_05cf0' failed
make[1]: *** [cmTC_05cf0] Error 1
make[1]: Leaving directory '/home/adlink/Desktop/Samples/Neon-20xB/C++/Capture_and_Inference/build/CMakeFiles/CMakeTmp'
Makefile:126: recipe for target 'cmTC_05cf0/fast' failed
make: *** [cmTC_05cf0/fast] Error 2

File /home/adlink/Desktop/Samples/Neon-20xB/C++/Capture_and_Inference/build/CMakeFiles/CMakeTmp/CheckSymbolExists.c:
/* */
#include <pthread.h>

int main(int argc, char** argv)
{
  (void)argv;
#ifndef pthread_create
  return ((int*)(&pthread_create))[argc];
#else
  (void)argc;
  return 0;
#endif
}

Determining if the function pthread_create exists in the pthreads failed with the following output:
Change Dir: /home/adlink/Desktop/Samples/Neon-20xB/C++/Capture_and_Inference/build/CMakeFiles/CMakeTmp

Run Build Command:"/usr/bin/make" "cmTC_d934d/fast"
/usr/bin/make -f CMakeFiles/cmTC_d934d.dir/build.make CMakeFiles/cmTC_d934d.dir/build
make[1]: Entering directory '/home/adlink/Desktop/Samples/Neon-20xB/C++/Capture_and_Inference/build/CMakeFiles/CMakeTmp'
Building C object CMakeFiles/cmTC_d934d.dir/CheckFunctionExists.c.o
/usr/bin/cc   -fPIC -DCHECK_FUNCTION_EXISTS=pthread_create   -o CMakeFiles/cmTC_d934d.dir/CheckFunctionExists.c.o   -c /usr/share/cmake-3.10/Modules/CheckFunctionExists.c
Linking C executable cmTC_d934d
/usr/bin/cmake -E cmake_link_script CMakeFiles/cmTC_d934d.dir/link.txt --verbose=1
/usr/bin/cc -fPIC -DCHECK_FUNCTION_EXISTS=pthread_create    -rdynamic CMakeFiles/cmTC_d934d.dir/CheckFunctionExists.c.o  -o cmTC_d934d -lpthreads 
/usr/bin/ld: cannot find -lpthreads
collect2: error: ld returned 1 exit status
CMakeFiles/cmTC_d934d.dir/build.make:97: recipe for target 'cmTC_d934d' failed
make[1]: *** [cmTC_d934d] Error 1
make[1]: Leaving directory '/home/adlink/Desktop/Samples/Neon-20xB/C++/Capture_and_Inference/build/CMakeFiles/CMakeTmp'
Makefile:126: recipe for target 'cmTC_d934d/fast' failed
make: *** [cmTC_d934d/fast] Error 2


